#! /c/Source/iverilog-install/bin/vvp
:ivl_version "12.0 (devel)" "(s20150603-1539-g2693dd32b)";
:ivl_delay_selection "TYPICAL";
:vpi_time_precision - 12;
:vpi_module "D:\iVerilog\iverilog\lib\ivl\system.vpi";
:vpi_module "D:\iVerilog\iverilog\lib\ivl\vhdl_sys.vpi";
:vpi_module "D:\iVerilog\iverilog\lib\ivl\vhdl_textio.vpi";
:vpi_module "D:\iVerilog\iverilog\lib\ivl\v2005_math.vpi";
:vpi_module "D:\iVerilog\iverilog\lib\ivl\va_math.vpi";
S_000001e13c1d1470 .scope module, "DM" "DM" 2 3;
 .timescale -9 -12;
    .port_info 0 /INPUT 32 "Address";
    .port_info 1 /INPUT 32 "data";
    .port_info 2 /INPUT 1 "WE";
    .port_info 3 /INPUT 1 "clk";
    .port_info 4 /INPUT 1 "reset";
    .port_info 5 /INPUT 1 "if_byte";
    .port_info 6 /INPUT 1 "if_half";
    .port_info 7 /INPUT 32 "PC";
    .port_info 8 /OUTPUT 32 "RD";
L_000001e13c21a7b0 .functor BUFZ 32, L_000001e13c28c350, C4<00000000000000000000000000000000>, C4<00000000000000000000000000000000>, C4<00000000000000000000000000000000>;
L_000001e13c21a820 .functor NOT 32, L_000001e13c28a910, C4<00000000000000000000000000000000>, C4<00000000000000000000000000000000>, C4<00000000000000000000000000000000>;
L_000001e13c21b000 .functor AND 32, L_000001e13c21a820, L_000001e13c21a7b0, C4<11111111111111111111111111111111>, C4<11111111111111111111111111111111>;
L_000001e13c21b150 .functor OR 32, L_000001e13c28a870, L_000001e13c21b000, C4<00000000000000000000000000000000>, C4<00000000000000000000000000000000>;
L_000001e13c21a970 .functor NOT 32, L_000001e13c28ad70, C4<00000000000000000000000000000000>, C4<00000000000000000000000000000000>, C4<00000000000000000000000000000000>;
L_000001e13c21b1c0 .functor AND 32, L_000001e13c21a970, L_000001e13c21a7b0, C4<11111111111111111111111111111111>, C4<11111111111111111111111111111111>;
L_000001e13c21aac0 .functor OR 32, L_000001e13c28aaf0, L_000001e13c21b1c0, C4<00000000000000000000000000000000>, C4<00000000000000000000000000000000>;
o000001e13c232fd8 .functor BUFZ 32, C4<zzzzzzzzzzzzzzzzzzzzzzzzzzzzzzzz>; HiZ drive
v000001e13c2315d0_0 .net "Address", 31 0, o000001e13c232fd8;  0 drivers
o000001e13c233008 .functor BUFZ 32, C4<zzzzzzzzzzzzzzzzzzzzzzzzzzzzzzzz>; HiZ drive
v000001e13c230950_0 .net "PC", 31 0, o000001e13c233008;  0 drivers
v000001e13c231530 .array "RAM", 8191 0, 31 0;
v000001e13c22fff0_0 .net "RD", 31 0, L_000001e13c28bdb0;  1 drivers
v000001e13c230130_0 .net "WD", 31 0, L_000001e13c2d61b0;  1 drivers
o000001e13c233098 .functor BUFZ 1, C4<z>; HiZ drive
v000001e13c230c70_0 .net "WE", 0 0, o000001e13c233098;  0 drivers
L_000001e13c28cb50 .functor BUFT 1, C4<0000>, C4<0>, C4<0>, C4<0>;
v000001e13c231a30_0 .net/2u *"_ivl_10", 3 0, L_000001e13c28cb50;  1 drivers
v000001e13c230e50_0 .net *"_ivl_100", 0 0, L_000001e13c28af50;  1 drivers
v000001e13c2309f0_0 .net *"_ivl_102", 31 0, L_000001e13c28aff0;  1 drivers
L_000001e13c28cf40 .functor BUFT 1, C4<0000000000000000000000000000000>, C4<0>, C4<0>, C4<0>;
v000001e13c230810_0 .net *"_ivl_105", 30 0, L_000001e13c28cf40;  1 drivers
L_000001e13c28cf88 .functor BUFT 1, C4<00000000000000000000000000000001>, C4<0>, C4<0>, C4<0>;
v000001e13c2301d0_0 .net/2u *"_ivl_106", 31 0, L_000001e13c28cf88;  1 drivers
v000001e13c230f90_0 .net *"_ivl_108", 0 0, L_000001e13c2d6430;  1 drivers
v000001e13c231710_0 .net *"_ivl_110", 31 0, L_000001e13c2d7290;  1 drivers
v000001e13c231490_0 .net *"_ivl_14", 31 0, L_000001e13c28c350;  1 drivers
v000001e13c231670_0 .net *"_ivl_16", 14 0, L_000001e13c28ac30;  1 drivers
L_000001e13c28cb98 .functor BUFT 1, C4<0>, C4<0>, C4<0>, C4<0>;
v000001e13c2304f0_0 .net *"_ivl_19", 0 0, L_000001e13c28cb98;  1 drivers
v000001e13c230ef0_0 .net *"_ivl_26", 31 0, L_000001e13c28b950;  1 drivers
L_000001e13c28cbe0 .functor BUFT 1, C4<0000000000000000000000000000000>, C4<0>, C4<0>, C4<0>;
v000001e13c2317b0_0 .net *"_ivl_29", 30 0, L_000001e13c28cbe0;  1 drivers
v000001e13c231ad0_0 .net *"_ivl_3", 1 0, L_000001e13c28b810;  1 drivers
L_000001e13c28cc28 .functor BUFT 1, C4<00000000000000000000000000000001>, C4<0>, C4<0>, C4<0>;
v000001e13c230a90_0 .net/2u *"_ivl_30", 31 0, L_000001e13c28cc28;  1 drivers
v000001e13c231b70_0 .net *"_ivl_32", 0 0, L_000001e13c28a7d0;  1 drivers
L_000001e13c28cc70 .functor BUFT 1, C4<000000000000000000000000>, C4<0>, C4<0>, C4<0>;
v000001e13c231c10_0 .net/2u *"_ivl_34", 23 0, L_000001e13c28cc70;  1 drivers
v000001e13c231850_0 .net *"_ivl_37", 7 0, L_000001e13c28c490;  1 drivers
v000001e13c231350_0 .net *"_ivl_38", 31 0, L_000001e13c28b9f0;  1 drivers
L_000001e13c28cb08 .functor BUFT 1, C4<000>, C4<0>, C4<0>, C4<0>;
v000001e13c230590_0 .net/2u *"_ivl_4", 2 0, L_000001e13c28cb08;  1 drivers
v000001e13c2306d0_0 .net *"_ivl_40", 31 0, L_000001e13c28c5d0;  1 drivers
L_000001e13c28ccb8 .functor BUFT 1, C4<0000000000000000000000000000000>, C4<0>, C4<0>, C4<0>;
v000001e13c231cb0_0 .net *"_ivl_43", 30 0, L_000001e13c28ccb8;  1 drivers
L_000001e13c28cd00 .functor BUFT 1, C4<00000000000000000000000000000001>, C4<0>, C4<0>, C4<0>;
v000001e13c230450_0 .net/2u *"_ivl_44", 31 0, L_000001e13c28cd00;  1 drivers
v000001e13c231d50_0 .net *"_ivl_46", 0 0, L_000001e13c28c2b0;  1 drivers
L_000001e13c28cd48 .functor BUFT 1, C4<0000000000000000>, C4<0>, C4<0>, C4<0>;
v000001e13c230b30_0 .net/2u *"_ivl_48", 15 0, L_000001e13c28cd48;  1 drivers
v000001e13c2318f0_0 .net *"_ivl_51", 15 0, L_000001e13c28c530;  1 drivers
v000001e13c2313f0_0 .net *"_ivl_52", 31 0, L_000001e13c28b130;  1 drivers
v000001e13c231df0_0 .net *"_ivl_54", 31 0, L_000001e13c28bd10;  1 drivers
L_000001e13c28cd90 .functor BUFT 1, C4<000000000000000000000000>, C4<0>, C4<0>, C4<0>;
v000001e13c230bd0_0 .net/2u *"_ivl_58", 23 0, L_000001e13c28cd90;  1 drivers
v000001e13c231e90_0 .net *"_ivl_61", 7 0, L_000001e13c28acd0;  1 drivers
v000001e13c2312b0_0 .net *"_ivl_62", 31 0, L_000001e13c28b090;  1 drivers
v000001e13c230090_0 .net *"_ivl_64", 31 0, L_000001e13c28a870;  1 drivers
L_000001e13c28cdd8 .functor BUFT 1, C4<00000000000000000000000011111111>, C4<0>, C4<0>, C4<0>;
v000001e13c230270_0 .net/2u *"_ivl_66", 31 0, L_000001e13c28cdd8;  1 drivers
v000001e13c2303b0_0 .net *"_ivl_68", 31 0, L_000001e13c28a910;  1 drivers
v000001e13c230310_0 .net *"_ivl_70", 31 0, L_000001e13c21a820;  1 drivers
v000001e13c230630_0 .net *"_ivl_72", 31 0, L_000001e13c21b000;  1 drivers
L_000001e13c28ce20 .functor BUFT 1, C4<0000000000000000>, C4<0>, C4<0>, C4<0>;
v000001e13c2310d0_0 .net/2u *"_ivl_76", 15 0, L_000001e13c28ce20;  1 drivers
v000001e13c230d10_0 .net *"_ivl_79", 15 0, L_000001e13c28a9b0;  1 drivers
v000001e13c230db0_0 .net *"_ivl_80", 31 0, L_000001e13c28aa50;  1 drivers
v000001e13c231030_0 .net *"_ivl_82", 31 0, L_000001e13c28aaf0;  1 drivers
L_000001e13c28ce68 .functor BUFT 1, C4<00000000000000000000000011111111>, C4<0>, C4<0>, C4<0>;
v000001e13c231170_0 .net/2u *"_ivl_84", 31 0, L_000001e13c28ce68;  1 drivers
v000001e13c231210_0 .net *"_ivl_86", 31 0, L_000001e13c28ad70;  1 drivers
v000001e13c28bbd0_0 .net *"_ivl_88", 31 0, L_000001e13c21a970;  1 drivers
v000001e13c28b310_0 .net *"_ivl_9", 0 0, L_000001e13c28ba90;  1 drivers
v000001e13c28c3f0_0 .net *"_ivl_90", 31 0, L_000001e13c21b1c0;  1 drivers
v000001e13c28b270_0 .net *"_ivl_94", 31 0, L_000001e13c28ae10;  1 drivers
L_000001e13c28ceb0 .functor BUFT 1, C4<0000000000000000000000000000000>, C4<0>, C4<0>, C4<0>;
v000001e13c28c030_0 .net *"_ivl_97", 30 0, L_000001e13c28ceb0;  1 drivers
L_000001e13c28cef8 .functor BUFT 1, C4<00000000000000000000000000000001>, C4<0>, C4<0>, C4<0>;
v000001e13c28b3b0_0 .net/2u *"_ivl_98", 31 0, L_000001e13c28cef8;  1 drivers
v000001e13c28be50_0 .net "address", 13 0, L_000001e13c28bf90;  1 drivers
o000001e13c2339c8 .functor BUFZ 1, C4<z>; HiZ drive
v000001e13c28b1d0_0 .net "clk", 0 0, o000001e13c2339c8;  0 drivers
o000001e13c2339f8 .functor BUFZ 32, C4<zzzzzzzzzzzzzzzzzzzzzzzzzzzzzzzz>; HiZ drive
v000001e13c28b450_0 .net "data", 31 0, o000001e13c2339f8;  0 drivers
v000001e13c28b6d0_0 .net "dm", 31 0, L_000001e13c21a7b0;  1 drivers
v000001e13c28b630_0 .var/i "i", 31 0;
o000001e13c233a88 .functor BUFZ 1, C4<z>; HiZ drive
v000001e13c28bef0_0 .net "if_byte", 0 0, o000001e13c233a88;  0 drivers
o000001e13c233ab8 .functor BUFZ 1, C4<z>; HiZ drive
v000001e13c28a730_0 .net "if_half", 0 0, o000001e13c233ab8;  0 drivers
v000001e13c28bc70_0 .net "rdTmp1", 31 0, L_000001e13c28bb30;  1 drivers
v000001e13c28b4f0_0 .net "rdTmp2", 31 0, L_000001e13c28aeb0;  1 drivers
o000001e13c233b48 .functor BUFZ 1, C4<z>; HiZ drive
v000001e13c28b770_0 .net "reset", 0 0, o000001e13c233b48;  0 drivers
v000001e13c28c0d0_0 .net "shift1", 4 0, L_000001e13c28c170;  1 drivers
v000001e13c28b590_0 .net "shift2", 4 0, L_000001e13c28b8b0;  1 drivers
v000001e13c28c210_0 .net "wdTmp1", 31 0, L_000001e13c21b150;  1 drivers
v000001e13c28ab90_0 .net "wdTmp2", 31 0, L_000001e13c21aac0;  1 drivers
E_000001e13c220570 .event posedge, v000001e13c28b1d0_0;
L_000001e13c28bf90 .part o000001e13c232fd8, 2, 14;
L_000001e13c28b810 .part L_000001e13c28bf90, 0, 2;
L_000001e13c28c170 .concat [ 3 2 0 0], L_000001e13c28cb08, L_000001e13c28b810;
L_000001e13c28ba90 .part L_000001e13c28bf90, 1, 1;
L_000001e13c28b8b0 .concat [ 4 1 0 0], L_000001e13c28cb50, L_000001e13c28ba90;
L_000001e13c28c350 .array/port v000001e13c231530, L_000001e13c28ac30;
L_000001e13c28ac30 .concat [ 14 1 0 0], L_000001e13c28bf90, L_000001e13c28cb98;
L_000001e13c28bb30 .shift/r 32, L_000001e13c21a7b0, L_000001e13c28c170;
L_000001e13c28aeb0 .shift/r 32, L_000001e13c21a7b0, L_000001e13c28b8b0;
L_000001e13c28b950 .concat [ 1 31 0 0], o000001e13c233a88, L_000001e13c28cbe0;
L_000001e13c28a7d0 .cmp/eq 32, L_000001e13c28b950, L_000001e13c28cc28;
L_000001e13c28c490 .part L_000001e13c28bb30, 0, 8;
L_000001e13c28b9f0 .concat [ 8 24 0 0], L_000001e13c28c490, L_000001e13c28cc70;
L_000001e13c28c5d0 .concat [ 1 31 0 0], o000001e13c233ab8, L_000001e13c28ccb8;
L_000001e13c28c2b0 .cmp/eq 32, L_000001e13c28c5d0, L_000001e13c28cd00;
L_000001e13c28c530 .part L_000001e13c28aeb0, 0, 16;
L_000001e13c28b130 .concat [ 16 16 0 0], L_000001e13c28c530, L_000001e13c28cd48;
L_000001e13c28bd10 .functor MUXZ 32, L_000001e13c21a7b0, L_000001e13c28b130, L_000001e13c28c2b0, C4<>;
L_000001e13c28bdb0 .functor MUXZ 32, L_000001e13c28bd10, L_000001e13c28b9f0, L_000001e13c28a7d0, C4<>;
L_000001e13c28acd0 .part o000001e13c2339f8, 0, 8;
L_000001e13c28b090 .concat [ 8 24 0 0], L_000001e13c28acd0, L_000001e13c28cd90;
L_000001e13c28a870 .shift/l 32, L_000001e13c28b090, L_000001e13c28c170;
L_000001e13c28a910 .shift/l 32, L_000001e13c28cdd8, L_000001e13c28c170;
L_000001e13c28a9b0 .part o000001e13c2339f8, 0, 16;
L_000001e13c28aa50 .concat [ 16 16 0 0], L_000001e13c28a9b0, L_000001e13c28ce20;
L_000001e13c28aaf0 .shift/l 32, L_000001e13c28aa50, L_000001e13c28b8b0;
L_000001e13c28ad70 .shift/l 32, L_000001e13c28ce68, L_000001e13c28b8b0;
L_000001e13c28ae10 .concat [ 1 31 0 0], o000001e13c233a88, L_000001e13c28ceb0;
L_000001e13c28af50 .cmp/eq 32, L_000001e13c28ae10, L_000001e13c28cef8;
L_000001e13c28aff0 .concat [ 1 31 0 0], o000001e13c233ab8, L_000001e13c28cf40;
L_000001e13c2d6430 .cmp/eq 32, L_000001e13c28aff0, L_000001e13c28cf88;
L_000001e13c2d7290 .functor MUXZ 32, o000001e13c2339f8, L_000001e13c21aac0, L_000001e13c2d6430, C4<>;
L_000001e13c2d61b0 .functor MUXZ 32, L_000001e13c2d7290, L_000001e13c21b150, L_000001e13c28af50, C4<>;
    .scope S_000001e13c1d1470;
T_0 ;
    %wait E_000001e13c220570;
    %load/vec4 v000001e13c28b770_0;
    %pad/u 32;
    %cmpi/e 1, 0, 32;
    %jmp/0xz  T_0.0, 4;
    %pushi/vec4 0, 0, 32;
    %store/vec4 v000001e13c28b630_0, 0, 32;
T_0.2 ;
    %load/vec4 v000001e13c28b630_0;
    %cmpi/s 8192, 0, 32;
    %jmp/0xz T_0.3, 5;
    %pushi/vec4 0, 0, 32;
    %ix/getv/s 4, v000001e13c28b630_0;
    %store/vec4a v000001e13c231530, 4, 0;
    %load/vec4 v000001e13c28b630_0;
    %addi 1, 0, 32;
    %store/vec4 v000001e13c28b630_0, 0, 32;
    %jmp T_0.2;
T_0.3 ;
    %jmp T_0.1;
T_0.0 ;
    %load/vec4 v000001e13c230c70_0;
    %pad/u 32;
    %cmpi/e 1, 0, 32;
    %jmp/0xz  T_0.4, 4;
    %load/vec4 v000001e13c230130_0;
    %load/vec4 v000001e13c28be50_0;
    %pad/u 15;
    %ix/vec4 3;
    %ix/load 4, 0, 0; Constant delay
    %assign/vec4/a/d v000001e13c231530, 0, 4;
    %vpi_call 2 45 "$display", "@%h: *%h <= %h", v000001e13c230950_0, v000001e13c2315d0_0, v000001e13c230130_0 {0 0 0};
    %jmp T_0.5;
T_0.4 ;
    %load/vec4 v000001e13c28be50_0;
    %pad/u 15;
    %ix/vec4 4;
    %load/vec4a v000001e13c231530, 4;
    %load/vec4 v000001e13c28be50_0;
    %pad/u 15;
    %ix/vec4 3;
    %ix/load 4, 0, 0; Constant delay
    %assign/vec4/a/d v000001e13c231530, 0, 4;
T_0.5 ;
T_0.1 ;
    %jmp T_0;
    .thread T_0;
# The file index is used to find the file name in the following table.
:file_names 3;
    "N/A";
    "<interactive>";
    "DM.v";
