#! /c/Source/iverilog-install/bin/vvp
:ivl_version "12.0 (devel)" "(s20150603-1539-g2693dd32b)";
:ivl_delay_selection "TYPICAL";
:vpi_time_precision - 12;
:vpi_module "D:\iVerilog\iverilog\lib\ivl\system.vpi";
:vpi_module "D:\iVerilog\iverilog\lib\ivl\vhdl_sys.vpi";
:vpi_module "D:\iVerilog\iverilog\lib\ivl\vhdl_textio.vpi";
:vpi_module "D:\iVerilog\iverilog\lib\ivl\v2005_math.vpi";
:vpi_module "D:\iVerilog\iverilog\lib\ivl\va_math.vpi";
S_00000221a646c900 .scope module, "BlockChecker" "BlockChecker" 2 14;
 .timescale -9 -12;
    .port_info 0 /INPUT 1 "clk";
    .port_info 1 /INPUT 1 "reset";
    .port_info 2 /INPUT 8 "in";
    .port_info 3 /OUTPUT 1 "result";
o00000221a63a9f88 .functor BUFZ 1, C4<z>; HiZ drive
v00000221a6362ce0_0 .net "clk", 0 0, o00000221a63a9f88;  0 drivers
v00000221a63938a0_0 .var "flag", 1 0;
o00000221a63a9fe8 .functor BUFZ 8, C4<zzzzzzzz>; HiZ drive
v00000221a6393940_0 .net "in", 7 0, o00000221a63a9fe8;  0 drivers
o00000221a63aa018 .functor BUFZ 1, C4<z>; HiZ drive
v00000221a63939e0_0 .net "reset", 0 0, o00000221a63aa018;  0 drivers
v00000221a6393a80_0 .var "result", 0 0;
v00000221a6393b20_0 .var "stack", 15 0;
v00000221a6393bc0_0 .var "status", 3 0;
E_00000221a638c9f0 .event posedge, v00000221a6362ce0_0;
E_00000221a638c1b0 .event anyedge, v00000221a63939e0_0;
    .scope S_00000221a646c900;
T_0 ;
    %wait E_00000221a638c1b0;
    %load/vec4 v00000221a63939e0_0;
    %pad/u 32;
    %cmpi/e 1, 0, 32;
    %jmp/0xz  T_0.0, 4;
    %pushi/vec4 0, 0, 1;
    %store/vec4 v00000221a6393a80_0, 0, 1;
    %pushi/vec4 0, 0, 4;
    %assign/vec4 v00000221a6393bc0_0, 0;
    %pushi/vec4 0, 0, 16;
    %assign/vec4 v00000221a6393b20_0, 0;
    %pushi/vec4 0, 0, 2;
    %assign/vec4 v00000221a63938a0_0, 0;
T_0.0 ;
    %jmp T_0;
    .thread T_0, $push;
    .scope S_00000221a646c900;
T_1 ;
    %wait E_00000221a638c9f0;
    %load/vec4 v00000221a63938a0_0;
    %pad/u 32;
    %cmpi/e 1, 0, 32;
    %jmp/0xz  T_1.0, 4;
    %pushi/vec4 0, 0, 1;
    %store/vec4 v00000221a6393a80_0, 0, 1;
    %jmp T_1.1;
T_1.0 ;
    %load/vec4 v00000221a6393bc0_0;
    %cmpi/e 0, 0, 4;
    %jmp/0xz  T_1.2, 4;
    %load/vec4 v00000221a6393b20_0;
    %pad/u 32;
    %cmpi/e 0, 0, 32;
    %jmp/0xz  T_1.4, 4;
    %pushi/vec4 1, 0, 1;
    %store/vec4 v00000221a6393a80_0, 0, 1;
    %jmp T_1.5;
T_1.4 ;
    %pushi/vec4 0, 0, 1;
    %store/vec4 v00000221a6393a80_0, 0, 1;
T_1.5 ;
    %load/vec4 v00000221a6393940_0;
    %pushi/vec4 98, 0, 8; draw_string_vec4
    %cmp/e;
    %jmp/1 T_1.8, 4;
    %flag_mov 8, 4;
    %load/vec4 v00000221a6393940_0;
    %pushi/vec4 66, 0, 8; draw_string_vec4
    %cmp/e;
    %flag_or 4, 8;
T_1.8;
    %jmp/0xz  T_1.6, 4;
    %pushi/vec4 1, 0, 4;
    %assign/vec4 v00000221a6393bc0_0, 0;
    %jmp T_1.7;
T_1.6 ;
    %load/vec4 v00000221a6393940_0;
    %pushi/vec4 101, 0, 8; draw_string_vec4
    %cmp/e;
    %jmp/1 T_1.11, 4;
    %flag_mov 8, 4;
    %load/vec4 v00000221a6393940_0;
    %pushi/vec4 69, 0, 8; draw_string_vec4
    %cmp/e;
    %flag_or 4, 8;
T_1.11;
    %jmp/0xz  T_1.9, 4;
    %pushi/vec4 6, 0, 4;
    %assign/vec4 v00000221a6393bc0_0, 0;
    %jmp T_1.10;
T_1.9 ;
    %load/vec4 v00000221a6393940_0;
    %pushi/vec4 32, 0, 8; draw_string_vec4
    %cmp/e;
    %jmp/0xz  T_1.12, 4;
    %pushi/vec4 0, 0, 4;
    %assign/vec4 v00000221a6393bc0_0, 0;
    %jmp T_1.13;
T_1.12 ;
    %pushi/vec4 9, 0, 4;
    %assign/vec4 v00000221a6393bc0_0, 0;
T_1.13 ;
T_1.10 ;
T_1.7 ;
    %jmp T_1.3;
T_1.2 ;
    %load/vec4 v00000221a6393bc0_0;
    %cmpi/e 1, 0, 4;
    %jmp/0xz  T_1.14, 4;
    %load/vec4 v00000221a6393b20_0;
    %pad/u 32;
    %cmpi/e 0, 0, 32;
    %jmp/0xz  T_1.16, 4;
    %pushi/vec4 1, 0, 1;
    %store/vec4 v00000221a6393a80_0, 0, 1;
    %jmp T_1.17;
T_1.16 ;
    %pushi/vec4 0, 0, 1;
    %store/vec4 v00000221a6393a80_0, 0, 1;
T_1.17 ;
    %load/vec4 v00000221a6393940_0;
    %pushi/vec4 101, 0, 8; draw_string_vec4
    %cmp/e;
    %jmp/1 T_1.20, 4;
    %flag_mov 8, 4;
    %load/vec4 v00000221a6393940_0;
    %pushi/vec4 69, 0, 8; draw_string_vec4
    %cmp/e;
    %flag_or 4, 8;
T_1.20;
    %jmp/0xz  T_1.18, 4;
    %pushi/vec4 2, 0, 4;
    %assign/vec4 v00000221a6393bc0_0, 0;
    %jmp T_1.19;
T_1.18 ;
    %load/vec4 v00000221a6393940_0;
    %pushi/vec4 32, 0, 8; draw_string_vec4
    %cmp/e;
    %jmp/0xz  T_1.21, 4;
    %pushi/vec4 0, 0, 4;
    %assign/vec4 v00000221a6393bc0_0, 0;
    %jmp T_1.22;
T_1.21 ;
    %pushi/vec4 9, 0, 4;
    %assign/vec4 v00000221a6393bc0_0, 0;
T_1.22 ;
T_1.19 ;
    %jmp T_1.15;
T_1.14 ;
    %load/vec4 v00000221a6393bc0_0;
    %cmpi/e 2, 0, 4;
    %jmp/0xz  T_1.23, 4;
    %load/vec4 v00000221a6393b20_0;
    %pad/u 32;
    %cmpi/e 0, 0, 32;
    %jmp/0xz  T_1.25, 4;
    %pushi/vec4 1, 0, 1;
    %store/vec4 v00000221a6393a80_0, 0, 1;
    %jmp T_1.26;
T_1.25 ;
    %pushi/vec4 0, 0, 1;
    %store/vec4 v00000221a6393a80_0, 0, 1;
T_1.26 ;
    %load/vec4 v00000221a6393940_0;
    %pushi/vec4 103, 0, 8; draw_string_vec4
    %cmp/e;
    %jmp/1 T_1.29, 4;
    %flag_mov 8, 4;
    %load/vec4 v00000221a6393940_0;
    %pushi/vec4 71, 0, 8; draw_string_vec4
    %cmp/e;
    %flag_or 4, 8;
T_1.29;
    %jmp/0xz  T_1.27, 4;
    %pushi/vec4 3, 0, 4;
    %assign/vec4 v00000221a6393bc0_0, 0;
    %jmp T_1.28;
T_1.27 ;
    %load/vec4 v00000221a6393940_0;
    %pushi/vec4 32, 0, 8; draw_string_vec4
    %cmp/e;
    %jmp/0xz  T_1.30, 4;
    %pushi/vec4 0, 0, 4;
    %assign/vec4 v00000221a6393bc0_0, 0;
    %jmp T_1.31;
T_1.30 ;
    %pushi/vec4 9, 0, 4;
    %assign/vec4 v00000221a6393bc0_0, 0;
T_1.31 ;
T_1.28 ;
    %jmp T_1.24;
T_1.23 ;
    %load/vec4 v00000221a6393bc0_0;
    %cmpi/e 3, 0, 4;
    %jmp/0xz  T_1.32, 4;
    %load/vec4 v00000221a6393b20_0;
    %pad/u 32;
    %cmpi/e 0, 0, 32;
    %jmp/0xz  T_1.34, 4;
    %pushi/vec4 1, 0, 1;
    %store/vec4 v00000221a6393a80_0, 0, 1;
    %jmp T_1.35;
T_1.34 ;
    %pushi/vec4 0, 0, 1;
    %store/vec4 v00000221a6393a80_0, 0, 1;
T_1.35 ;
    %load/vec4 v00000221a6393940_0;
    %pushi/vec4 105, 0, 8; draw_string_vec4
    %cmp/e;
    %jmp/1 T_1.38, 4;
    %flag_mov 8, 4;
    %load/vec4 v00000221a6393940_0;
    %pushi/vec4 73, 0, 8; draw_string_vec4
    %cmp/e;
    %flag_or 4, 8;
T_1.38;
    %jmp/0xz  T_1.36, 4;
    %pushi/vec4 4, 0, 4;
    %assign/vec4 v00000221a6393bc0_0, 0;
    %jmp T_1.37;
T_1.36 ;
    %load/vec4 v00000221a6393940_0;
    %pushi/vec4 32, 0, 8; draw_string_vec4
    %cmp/e;
    %jmp/0xz  T_1.39, 4;
    %pushi/vec4 0, 0, 4;
    %assign/vec4 v00000221a6393bc0_0, 0;
    %jmp T_1.40;
T_1.39 ;
    %pushi/vec4 9, 0, 4;
    %assign/vec4 v00000221a6393bc0_0, 0;
T_1.40 ;
T_1.37 ;
    %jmp T_1.33;
T_1.32 ;
    %load/vec4 v00000221a6393bc0_0;
    %cmpi/e 4, 0, 4;
    %jmp/0xz  T_1.41, 4;
    %load/vec4 v00000221a6393940_0;
    %pushi/vec4 110, 0, 8; draw_string_vec4
    %cmp/e;
    %jmp/1 T_1.45, 4;
    %flag_mov 8, 4;
    %load/vec4 v00000221a6393940_0;
    %pushi/vec4 78, 0, 8; draw_string_vec4
    %cmp/e;
    %flag_or 4, 8;
T_1.45;
    %jmp/0xz  T_1.43, 4;
    %pushi/vec4 5, 0, 4;
    %assign/vec4 v00000221a6393bc0_0, 0;
    %pushi/vec4 0, 0, 1;
    %store/vec4 v00000221a6393a80_0, 0, 1;
    %jmp T_1.44;
T_1.43 ;
    %load/vec4 v00000221a6393940_0;
    %pushi/vec4 32, 0, 8; draw_string_vec4
    %cmp/e;
    %jmp/0xz  T_1.46, 4;
    %pushi/vec4 0, 0, 4;
    %assign/vec4 v00000221a6393bc0_0, 0;
    %load/vec4 v00000221a6393b20_0;
    %pad/u 32;
    %cmpi/e 0, 0, 32;
    %jmp/0xz  T_1.48, 4;
    %pushi/vec4 1, 0, 1;
    %store/vec4 v00000221a6393a80_0, 0, 1;
    %jmp T_1.49;
T_1.48 ;
    %pushi/vec4 0, 0, 1;
    %store/vec4 v00000221a6393a80_0, 0, 1;
T_1.49 ;
    %jmp T_1.47;
T_1.46 ;
    %pushi/vec4 9, 0, 4;
    %assign/vec4 v00000221a6393bc0_0, 0;
    %load/vec4 v00000221a6393b20_0;
    %pad/u 32;
    %cmpi/e 0, 0, 32;
    %jmp/0xz  T_1.50, 4;
    %pushi/vec4 1, 0, 1;
    %store/vec4 v00000221a6393a80_0, 0, 1;
    %jmp T_1.51;
T_1.50 ;
    %pushi/vec4 0, 0, 1;
    %store/vec4 v00000221a6393a80_0, 0, 1;
T_1.51 ;
T_1.47 ;
T_1.44 ;
    %jmp T_1.42;
T_1.41 ;
    %load/vec4 v00000221a6393bc0_0;
    %cmpi/e 5, 0, 4;
    %jmp/0xz  T_1.52, 4;
    %load/vec4 v00000221a6393940_0;
    %pushi/vec4 32, 0, 8; draw_string_vec4
    %cmp/e;
    %jmp/0xz  T_1.54, 4;
    %pushi/vec4 0, 0, 4;
    %assign/vec4 v00000221a6393bc0_0, 0;
    %load/vec4 v00000221a6393b20_0;
    %addi 1, 0, 16;
    %assign/vec4 v00000221a6393b20_0, 0;
    %pushi/vec4 0, 0, 1;
    %store/vec4 v00000221a6393a80_0, 0, 1;
    %jmp T_1.55;
T_1.54 ;
    %pushi/vec4 9, 0, 4;
    %assign/vec4 v00000221a6393bc0_0, 0;
    %load/vec4 v00000221a6393b20_0;
    %pad/u 32;
    %cmpi/e 0, 0, 32;
    %jmp/0xz  T_1.56, 4;
    %pushi/vec4 1, 0, 1;
    %store/vec4 v00000221a6393a80_0, 0, 1;
    %jmp T_1.57;
T_1.56 ;
    %pushi/vec4 0, 0, 1;
    %store/vec4 v00000221a6393a80_0, 0, 1;
T_1.57 ;
T_1.55 ;
    %jmp T_1.53;
T_1.52 ;
    %load/vec4 v00000221a6393bc0_0;
    %cmpi/e 6, 0, 4;
    %jmp/0xz  T_1.58, 4;
    %load/vec4 v00000221a6393b20_0;
    %pad/u 32;
    %cmpi/e 0, 0, 32;
    %jmp/0xz  T_1.60, 4;
    %pushi/vec4 1, 0, 1;
    %store/vec4 v00000221a6393a80_0, 0, 1;
    %jmp T_1.61;
T_1.60 ;
    %pushi/vec4 0, 0, 1;
    %store/vec4 v00000221a6393a80_0, 0, 1;
T_1.61 ;
    %load/vec4 v00000221a6393940_0;
    %pushi/vec4 110, 0, 8; draw_string_vec4
    %cmp/e;
    %jmp/1 T_1.64, 4;
    %flag_mov 8, 4;
    %load/vec4 v00000221a6393940_0;
    %pushi/vec4 78, 0, 8; draw_string_vec4
    %cmp/e;
    %flag_or 4, 8;
T_1.64;
    %jmp/0xz  T_1.62, 4;
    %pushi/vec4 7, 0, 4;
    %assign/vec4 v00000221a6393bc0_0, 0;
    %jmp T_1.63;
T_1.62 ;
    %load/vec4 v00000221a6393940_0;
    %pushi/vec4 32, 0, 8; draw_string_vec4
    %cmp/e;
    %jmp/0xz  T_1.65, 4;
    %pushi/vec4 0, 0, 4;
    %assign/vec4 v00000221a6393bc0_0, 0;
    %jmp T_1.66;
T_1.65 ;
    %pushi/vec4 9, 0, 4;
    %assign/vec4 v00000221a6393bc0_0, 0;
T_1.66 ;
T_1.63 ;
    %jmp T_1.59;
T_1.58 ;
    %load/vec4 v00000221a6393bc0_0;
    %cmpi/e 7, 0, 4;
    %jmp/0xz  T_1.67, 4;
    %load/vec4 v00000221a6393940_0;
    %pushi/vec4 100, 0, 8; draw_string_vec4
    %cmp/e;
    %jmp/1 T_1.71, 4;
    %flag_mov 8, 4;
    %load/vec4 v00000221a6393940_0;
    %pushi/vec4 68, 0, 8; draw_string_vec4
    %cmp/e;
    %flag_or 4, 8;
T_1.71;
    %jmp/0xz  T_1.69, 4;
    %load/vec4 v00000221a6393b20_0;
    %pad/u 32;
    %cmpi/e 1, 0, 32;
    %jmp/0xz  T_1.72, 4;
    %pushi/vec4 1, 0, 1;
    %store/vec4 v00000221a6393a80_0, 0, 1;
    %jmp T_1.73;
T_1.72 ;
    %pushi/vec4 0, 0, 1;
    %store/vec4 v00000221a6393a80_0, 0, 1;
T_1.73 ;
    %pushi/vec4 8, 0, 4;
    %assign/vec4 v00000221a6393bc0_0, 0;
    %jmp T_1.70;
T_1.69 ;
    %load/vec4 v00000221a6393940_0;
    %pushi/vec4 32, 0, 8; draw_string_vec4
    %cmp/e;
    %jmp/0xz  T_1.74, 4;
    %pushi/vec4 0, 0, 4;
    %assign/vec4 v00000221a6393bc0_0, 0;
    %load/vec4 v00000221a6393b20_0;
    %pad/u 32;
    %cmpi/e 0, 0, 32;
    %jmp/0xz  T_1.76, 4;
    %pushi/vec4 1, 0, 1;
    %store/vec4 v00000221a6393a80_0, 0, 1;
    %jmp T_1.77;
T_1.76 ;
    %pushi/vec4 0, 0, 1;
    %store/vec4 v00000221a6393a80_0, 0, 1;
T_1.77 ;
    %jmp T_1.75;
T_1.74 ;
    %pushi/vec4 9, 0, 4;
    %assign/vec4 v00000221a6393bc0_0, 0;
    %load/vec4 v00000221a6393b20_0;
    %pad/u 32;
    %cmpi/e 0, 0, 32;
    %jmp/0xz  T_1.78, 4;
    %pushi/vec4 1, 0, 1;
    %store/vec4 v00000221a6393a80_0, 0, 1;
    %jmp T_1.79;
T_1.78 ;
    %pushi/vec4 0, 0, 1;
    %store/vec4 v00000221a6393a80_0, 0, 1;
T_1.79 ;
T_1.75 ;
T_1.70 ;
    %jmp T_1.68;
T_1.67 ;
    %load/vec4 v00000221a6393bc0_0;
    %cmpi/e 8, 0, 4;
    %jmp/0xz  T_1.80, 4;
    %load/vec4 v00000221a6393940_0;
    %pushi/vec4 32, 0, 8; draw_string_vec4
    %cmp/e;
    %jmp/0xz  T_1.82, 4;
    %load/vec4 v00000221a6393b20_0;
    %pad/u 32;
    %cmpi/e 0, 0, 32;
    %jmp/0xz  T_1.84, 4;
    %pushi/vec4 1, 0, 2;
    %store/vec4 v00000221a63938a0_0, 0, 2;
    %pushi/vec4 0, 0, 1;
    %store/vec4 v00000221a6393a80_0, 0, 1;
    %pushi/vec4 0, 0, 4;
    %assign/vec4 v00000221a6393bc0_0, 0;
    %jmp T_1.85;
T_1.84 ;
    %load/vec4 v00000221a6393b20_0;
    %pad/u 32;
    %cmpi/e 1, 0, 32;
    %jmp/0xz  T_1.86, 4;
    %pushi/vec4 1, 0, 1;
    %store/vec4 v00000221a6393a80_0, 0, 1;
    %jmp T_1.87;
T_1.86 ;
    %pushi/vec4 0, 0, 1;
    %store/vec4 v00000221a6393a80_0, 0, 1;
T_1.87 ;
    %load/vec4 v00000221a6393b20_0;
    %subi 1, 0, 16;
    %assign/vec4 v00000221a6393b20_0, 0;
    %pushi/vec4 0, 0, 4;
    %assign/vec4 v00000221a6393bc0_0, 0;
T_1.85 ;
    %jmp T_1.83;
T_1.82 ;
    %pushi/vec4 9, 0, 4;
    %assign/vec4 v00000221a6393bc0_0, 0;
    %load/vec4 v00000221a6393b20_0;
    %pad/u 32;
    %cmpi/e 0, 0, 32;
    %jmp/0xz  T_1.88, 4;
    %pushi/vec4 1, 0, 1;
    %store/vec4 v00000221a6393a80_0, 0, 1;
    %jmp T_1.89;
T_1.88 ;
    %pushi/vec4 0, 0, 1;
    %store/vec4 v00000221a6393a80_0, 0, 1;
T_1.89 ;
T_1.83 ;
    %jmp T_1.81;
T_1.80 ;
    %load/vec4 v00000221a6393bc0_0;
    %cmpi/e 9, 0, 4;
    %jmp/0xz  T_1.90, 4;
    %load/vec4 v00000221a6393b20_0;
    %pad/u 32;
    %cmpi/e 0, 0, 32;
    %jmp/0xz  T_1.92, 4;
    %pushi/vec4 1, 0, 1;
    %store/vec4 v00000221a6393a80_0, 0, 1;
    %jmp T_1.93;
T_1.92 ;
    %pushi/vec4 0, 0, 1;
    %store/vec4 v00000221a6393a80_0, 0, 1;
T_1.93 ;
    %load/vec4 v00000221a6393940_0;
    %pushi/vec4 32, 0, 8; draw_string_vec4
    %cmp/e;
    %jmp/0xz  T_1.94, 4;
    %pushi/vec4 0, 0, 4;
    %assign/vec4 v00000221a6393bc0_0, 0;
    %jmp T_1.95;
T_1.94 ;
    %pushi/vec4 9, 0, 4;
    %assign/vec4 v00000221a6393bc0_0, 0;
T_1.95 ;
T_1.90 ;
T_1.81 ;
T_1.68 ;
T_1.59 ;
T_1.53 ;
T_1.42 ;
T_1.33 ;
T_1.24 ;
T_1.15 ;
T_1.3 ;
T_1.1 ;
    %jmp T_1;
    .thread T_1;
# The file index is used to find the file name in the following table.
:file_names 3;
    "N/A";
    "<interactive>";
    "BlockChecker.v";
