ISim log file
Running: H:\BUAA_workshop\Computer Organization\verilog\CPU-pipline-P7\mips_txt_isim_beh.exe -intstyle ise -gui -tclbatch isim.cmd -wdb H:/BUAA_workshop/Computer Organization/verilog/CPU-pipline-P7/mips_txt_isim_beh.wdb 
ISim P.20131013 (signature 0x7708f090)
----------------------------------------------------------------------
WARNING:Security:42 - Your software subscription period has lapsed. Your current version of Xilinx tools will continue to function, but you no longer qualify for Xilinx software updates or new releases.


----------------------------------------------------------------------
This is a Full version of ISim.
Time resolution is 1 ps
# onerror resume
# wave add /
# run 1000 ns
Simulator is doing circuit initialization process.
Finished circuit initialization process.
                  38@00003000: $ 2 <= 00001001
                  46@00003008: $28 <= 00000000
                  50@0000300c: $29 <= 00000000
                  54@00003010: $ 8 <= 7fff0000
                  58@00003014: $ 9 <= 7fff0000
                  78@00004180: $ 1 <= 00000030
                  82@00004188: *00000ffc <= 00000000
                  82@00004184: $26 <= 00001000
                  90@0000418c: $26 <= 00000f00
                  94@00004190: $29 <= 00000f00
                 102@0000445c: *00000f08 <= 00001001
                 106@00004460: *00000f0c <= 00000000
                 110@00004464: *00000f10 <= 00000000
                 114@00004468: *00000f14 <= 00000000
                 118@0000446c: *00000f18 <= 00000000
                 122@00004470: *00000f1c <= 00000000
                 126@00004474: *00000f20 <= 7fff0000
                 130@00004478: *00000f24 <= 7fff0000
                 134@0000447c: *00000f28 <= 00000000
                 138@00004480: *00000f2c <= 00000000
                 142@00004484: *00000f30 <= 00000000
                 146@00004488: *00000f34 <= 00000000
                 150@0000448c: *00000f38 <= 00000000
                 154@00004490: *00000f3c <= 00000000
                 158@00004494: *00000f40 <= 00000000
                 162@00004498: *00000f44 <= 00000000
                 166@0000449c: *00000f48 <= 00000000
                 170@000044a0: *00000f4c <= 00000000
                 174@000044a4: *00000f50 <= 00000000
                 178@000044a8: *00000f54 <= 00000000
                 182@000044ac: *00000f58 <= 00000000
                 186@000044b0: *00000f5c <= 00000000
                 190@000044b4: *00000f60 <= 00000000
                 194@000044b8: *00000f64 <= 00000000
                 198@000044bc: *00000f70 <= 00000000
                 202@000044c0: *00000f74 <= 00000f00
                 206@000044c4: *00000f78 <= 00000000
                 210@000044c8: *00000f7c <= 00000000
                 218@000044d0: *00000f80 <= 00000000
                 218@000044cc: $26 <= 00000000
                 226@000044d8: *00000f84 <= 00000000
                 226@000044d4: $26 <= 00000000
                 242@00004220: $26 <= 00000030
                 250@00004224: $26 <= 00000030
                 254@00004228: $26 <= 0000000c
                 258@0000422c: $27 <= 00000000
                 274@00004238: $27 <= 00000004
                 290@00004244: $27 <= 00000005
                 306@00004250: $27 <= 0000000a
                 322@0000425c: $27 <= 0000000c
                 338@0000442c: $ 8 <= 00003018
                 342@00004430: $26 <= 00000030
                 346@00004434: $10 <= 80000000
                 350@00004438: $11 <= 00000000
                 354@0000443c: $ 8 <= 0000301c
                 378@000044e4: $29 <= 00001000
                 382@000044e8: $29 <= 00000f00
                 386@000044ec: $ 2 <= 00001001
                 390@000044f0: $ 3 <= 00000000
                 394@000044f4: $ 4 <= 00000000
                 398@000044f8: $ 5 <= 00000000
                 402@000044fc: $ 6 <= 00000000
                 406@00004500: $ 7 <= 00000000
                 410@00004504: $ 8 <= 7fff0000
                 414@00004508: $ 9 <= 7fff0000
                 418@0000450c: $10 <= 00000000
                 422@00004510: $11 <= 00000000
                 426@00004514: $12 <= 00000000
                 430@00004518: $13 <= 00000000
                 434@0000451c: $14 <= 00000000
                 438@00004520: $15 <= 00000000
                 442@00004524: $16 <= 00000000
                 446@00004528: $17 <= 00000000
                 450@0000452c: $18 <= 00000000
                 454@00004530: $19 <= 00000000
                 458@00004534: $20 <= 00000000
                 462@00004538: $21 <= 00000000
                 466@0000453c: $22 <= 00000000
                 470@00004540: $23 <= 00000000
                 474@00004544: $24 <= 00000000
                 478@00004548: $25 <= 00000000
                 482@0000454c: $28 <= 00000000
                 486@00004550: $30 <= 00000000
                 490@00004554: $31 <= 00000000
                 494@00004558: $26 <= 00000000
                 506@00004560: $26 <= 00000000
                 518@00004568: $29 <= 00000f00
                 522@0000456c: $ 1 <= 00000001
                 538@0000301c: $10 <= 7fff0000
