#! /c/Source/iverilog-install/bin/vvp
:ivl_version "12.0 (devel)" "(s20150603-1539-g2693dd32b)";
:ivl_delay_selection "TYPICAL";
:vpi_time_precision - 12;
:vpi_module "D:\iVerilog\iverilog\lib\ivl\system.vpi";
:vpi_module "D:\iVerilog\iverilog\lib\ivl\vhdl_sys.vpi";
:vpi_module "D:\iVerilog\iverilog\lib\ivl\vhdl_textio.vpi";
:vpi_module "D:\iVerilog\iverilog\lib\ivl\v2005_math.vpi";
:vpi_module "D:\iVerilog\iverilog\lib\ivl\va_math.vpi";
S_000001bcf8ed2d40 .scope module, "cpu_checker" "cpu_checker" 2 14;
 .timescale -9 -12;
    .port_info 0 /INPUT 1 "clk";
    .port_info 1 /INPUT 1 "reset";
    .port_info 2 /INPUT 8 "char";
    .port_info 3 /OUTPUT 2 "format_type";
    .port_info 4 /OUTPUT 5 "out";
o000001bcf8f38f78 .functor BUFZ 8, C4<zzzzzzzz>; HiZ drive
v000001bcf8ed33c0_0 .net "char", 7 0, o000001bcf8f38f78;  0 drivers
o000001bcf8f38fa8 .functor BUFZ 1, C4<z>; HiZ drive
v000001bcf8ed2ed0_0 .net "clk", 0 0, o000001bcf8f38fa8;  0 drivers
v000001bcf8ed2f70_0 .var "count", 1 0;
v000001bcf8ed3010_0 .var "count_10", 4 0;
v000001bcf8ed30b0_0 .var "count_8", 4 0;
v000001bcf8ed3150_0 .var "format_type", 1 0;
v000001bcf8f04c80_0 .var "num_now", 1 0;
v000001bcf8f04d20_0 .var "out", 4 0;
o000001bcf8f390f8 .functor BUFZ 1, C4<z>; HiZ drive
v000001bcf8f04dc0_0 .net "reset", 0 0, o000001bcf8f390f8;  0 drivers
v000001bcf8f04e60_0 .var "status", 4 0;
v000001bcf8f04f00_0 .var "type", 1 0;
E_000001bcf8f00460 .event posedge, v000001bcf8ed2ed0_0;
    .scope S_000001bcf8ed2d40;
T_0 ;
    %wait E_000001bcf8f00460;
    %pushi/vec4 0, 0, 2;
    %store/vec4 v000001bcf8ed3150_0, 0, 2;
    %load/vec4 v000001bcf8f04e60_0;
    %store/vec4 v000001bcf8f04d20_0, 0, 5;
    %load/vec4 v000001bcf8f04dc0_0;
    %pad/u 32;
    %cmpi/e 1, 0, 32;
    %jmp/0xz  T_0.0, 4;
    %pushi/vec4 0, 0, 2;
    %store/vec4 v000001bcf8ed3150_0, 0, 2;
    %pushi/vec4 0, 0, 5;
    %assign/vec4 v000001bcf8f04e60_0, 0;
    %pushi/vec4 0, 0, 2;
    %assign/vec4 v000001bcf8f04c80_0, 0;
    %pushi/vec4 0, 0, 5;
    %assign/vec4 v000001bcf8ed3010_0, 0;
    %pushi/vec4 0, 0, 5;
    %assign/vec4 v000001bcf8ed30b0_0, 0;
    %pushi/vec4 0, 0, 2;
    %assign/vec4 v000001bcf8f04f00_0, 0;
    %pushi/vec4 0, 0, 2;
    %assign/vec4 v000001bcf8ed2f70_0, 0;
    %jmp T_0.1;
T_0.0 ;
    %load/vec4 v000001bcf8f04e60_0;
    %cmpi/e 0, 0, 5;
    %jmp/0xz  T_0.2, 4;
    %load/vec4 v000001bcf8ed33c0_0;
    %pushi/vec4 94, 0, 8; draw_string_vec4
    %cmp/e;
    %jmp/0xz  T_0.4, 4;
    %pushi/vec4 1, 0, 5;
    %assign/vec4 v000001bcf8f04e60_0, 0;
    %jmp T_0.5;
T_0.4 ;
    %pushi/vec4 0, 0, 5;
    %assign/vec4 v000001bcf8f04e60_0, 0;
T_0.5 ;
    %pushi/vec4 0, 0, 2;
    %assign/vec4 v000001bcf8f04f00_0, 0;
    %pushi/vec4 0, 0, 2;
    %assign/vec4 v000001bcf8f04c80_0, 0;
    %pushi/vec4 0, 0, 5;
    %assign/vec4 v000001bcf8ed3010_0, 0;
    %pushi/vec4 0, 0, 5;
    %assign/vec4 v000001bcf8ed30b0_0, 0;
    %pushi/vec4 0, 0, 2;
    %assign/vec4 v000001bcf8ed2f70_0, 0;
    %jmp T_0.3;
T_0.2 ;
    %load/vec4 v000001bcf8f04e60_0;
    %cmpi/e 1, 0, 5;
    %jmp/0xz  T_0.6, 4;
    %pushi/vec4 48, 0, 8; draw_string_vec4
    %load/vec4 v000001bcf8ed33c0_0;
    %cmp/u;
    %flag_or 5, 4;
    %flag_get/vec4 5;
    %jmp/0 T_0.10, 5;
    %load/vec4 v000001bcf8ed33c0_0;
    %pushi/vec4 57, 0, 8; draw_string_vec4
    %cmp/u;
    %flag_get/vec4 4;
    %flag_get/vec4 5;
    %or;
    %and;
T_0.10;
    %flag_set/vec4 8;
    %jmp/0xz  T_0.8, 8;
    %pushi/vec4 2, 0, 5;
    %assign/vec4 v000001bcf8f04e60_0, 0;
    %pushi/vec4 1, 0, 5;
    %assign/vec4 v000001bcf8ed3010_0, 0;
    %jmp T_0.9;
T_0.8 ;
    %load/vec4 v000001bcf8ed33c0_0;
    %pushi/vec4 94, 0, 8; draw_string_vec4
    %cmp/e;
    %jmp/0xz  T_0.11, 4;
    %pushi/vec4 1, 0, 5;
    %assign/vec4 v000001bcf8f04e60_0, 0;
    %jmp T_0.12;
T_0.11 ;
    %pushi/vec4 0, 0, 5;
    %assign/vec4 v000001bcf8f04e60_0, 0;
T_0.12 ;
T_0.9 ;
    %pushi/vec4 0, 0, 2;
    %assign/vec4 v000001bcf8f04f00_0, 0;
    %pushi/vec4 0, 0, 2;
    %assign/vec4 v000001bcf8f04c80_0, 0;
    %pushi/vec4 0, 0, 5;
    %assign/vec4 v000001bcf8ed3010_0, 0;
    %pushi/vec4 0, 0, 5;
    %assign/vec4 v000001bcf8ed30b0_0, 0;
    %pushi/vec4 0, 0, 2;
    %assign/vec4 v000001bcf8ed2f70_0, 0;
    %jmp T_0.7;
T_0.6 ;
    %load/vec4 v000001bcf8f04e60_0;
    %cmpi/e 2, 0, 5;
    %jmp/0xz  T_0.13, 4;
    %pushi/vec4 48, 0, 8; draw_string_vec4
    %load/vec4 v000001bcf8ed33c0_0;
    %cmp/u;
    %flag_or 5, 4;
    %flag_get/vec4 5;
    %jmp/0 T_0.17, 5;
    %load/vec4 v000001bcf8ed33c0_0;
    %pushi/vec4 57, 0, 8; draw_string_vec4
    %cmp/u;
    %flag_get/vec4 4;
    %flag_get/vec4 5;
    %or;
    %and;
T_0.17;
    %flag_set/vec4 8;
    %jmp/0xz  T_0.15, 8;
    %load/vec4 v000001bcf8ed3010_0;
    %cmpi/u 4, 0, 5;
    %jmp/0xz  T_0.18, 5;
    %load/vec4 v000001bcf8ed3010_0;
    %addi 1, 0, 5;
    %assign/vec4 v000001bcf8ed3010_0, 0;
    %pushi/vec4 2, 0, 5;
    %assign/vec4 v000001bcf8f04e60_0, 0;
    %jmp T_0.19;
T_0.18 ;
    %pushi/vec4 0, 0, 5;
    %assign/vec4 v000001bcf8ed3010_0, 0;
    %pushi/vec4 0, 0, 5;
    %assign/vec4 v000001bcf8f04e60_0, 0;
T_0.19 ;
    %jmp T_0.16;
T_0.15 ;
    %load/vec4 v000001bcf8ed33c0_0;
    %pushi/vec4 64, 0, 8; draw_string_vec4
    %cmp/e;
    %flag_get/vec4 4;
    %jmp/0 T_0.22, 4;
    %load/vec4 v000001bcf8ed3010_0;
    %pad/u 32;
    %cmpi/u 1, 0, 32;
    %flag_inv 5; GE is !LT
    %flag_get/vec4 5;
    %jmp/0 T_0.23, 5;
    %load/vec4 v000001bcf8ed3010_0;
    %pad/u 32;
    %cmpi/u 4, 0, 32;
    %flag_get/vec4 4;
    %flag_get/vec4 5;
    %or;
    %and;
T_0.23;
    %and;
T_0.22;
    %flag_set/vec4 8;
    %jmp/0xz  T_0.20, 8;
    %pushi/vec4 3, 0, 5;
    %assign/vec4 v000001bcf8f04e60_0, 0;
    %pushi/vec4 0, 0, 5;
    %assign/vec4 v000001bcf8ed3010_0, 0;
    %jmp T_0.21;
T_0.20 ;
    %load/vec4 v000001bcf8ed33c0_0;
    %pushi/vec4 94, 0, 8; draw_string_vec4
    %cmp/e;
    %jmp/0xz  T_0.24, 4;
    %pushi/vec4 1, 0, 5;
    %assign/vec4 v000001bcf8f04e60_0, 0;
    %pushi/vec4 0, 0, 5;
    %assign/vec4 v000001bcf8ed3010_0, 0;
    %jmp T_0.25;
T_0.24 ;
    %pushi/vec4 0, 0, 5;
    %assign/vec4 v000001bcf8f04e60_0, 0;
    %pushi/vec4 0, 0, 5;
    %assign/vec4 v000001bcf8ed3010_0, 0;
T_0.25 ;
T_0.21 ;
T_0.16 ;
    %jmp T_0.14;
T_0.13 ;
    %load/vec4 v000001bcf8f04e60_0;
    %cmpi/e 3, 0, 5;
    %jmp/0xz  T_0.26, 4;
    %pushi/vec4 48, 0, 8; draw_string_vec4
    %load/vec4 v000001bcf8ed33c0_0;
    %cmp/u;
    %flag_or 5, 4;
    %flag_get/vec4 5;
    %jmp/0 T_0.31, 5;
    %load/vec4 v000001bcf8ed33c0_0;
    %pushi/vec4 57, 0, 8; draw_string_vec4
    %cmp/u;
    %flag_get/vec4 4;
    %flag_get/vec4 5;
    %or;
    %and;
T_0.31;
    %flag_set/vec4 8;
    %jmp/1 T_0.30, 8;
    %pushi/vec4 97, 0, 8; draw_string_vec4
    %load/vec4 v000001bcf8ed33c0_0;
    %cmp/u;
    %flag_or 5, 4;
    %flag_get/vec4 5;
    %jmp/0 T_0.32, 5;
    %load/vec4 v000001bcf8ed33c0_0;
    %pushi/vec4 102, 0, 8; draw_string_vec4
    %cmp/u;
    %flag_get/vec4 4;
    %flag_get/vec4 5;
    %or;
    %and;
T_0.32;
    %flag_set/vec4 9;
    %flag_or 8, 9;
T_0.30;
    %jmp/0xz  T_0.28, 8;
    %pushi/vec4 4, 0, 5;
    %assign/vec4 v000001bcf8f04e60_0, 0;
    %pushi/vec4 1, 0, 5;
    %assign/vec4 v000001bcf8ed30b0_0, 0;
    %jmp T_0.29;
T_0.28 ;
    %load/vec4 v000001bcf8ed33c0_0;
    %pushi/vec4 94, 0, 8; draw_string_vec4
    %cmp/e;
    %jmp/0xz  T_0.33, 4;
    %pushi/vec4 1, 0, 5;
    %assign/vec4 v000001bcf8f04e60_0, 0;
    %pushi/vec4 0, 0, 2;
    %assign/vec4 v000001bcf8f04f00_0, 0;
    %pushi/vec4 0, 0, 2;
    %assign/vec4 v000001bcf8f04c80_0, 0;
    %pushi/vec4 0, 0, 5;
    %assign/vec4 v000001bcf8ed3010_0, 0;
    %pushi/vec4 0, 0, 5;
    %assign/vec4 v000001bcf8ed30b0_0, 0;
    %pushi/vec4 0, 0, 2;
    %assign/vec4 v000001bcf8ed2f70_0, 0;
    %jmp T_0.34;
T_0.33 ;
    %pushi/vec4 0, 0, 5;
    %assign/vec4 v000001bcf8f04e60_0, 0;
    %pushi/vec4 0, 0, 5;
    %assign/vec4 v000001bcf8ed30b0_0, 0;
T_0.34 ;
T_0.29 ;
    %jmp T_0.27;
T_0.26 ;
    %load/vec4 v000001bcf8f04e60_0;
    %cmpi/e 4, 0, 5;
    %jmp/0xz  T_0.35, 4;
    %pushi/vec4 48, 0, 8; draw_string_vec4
    %load/vec4 v000001bcf8ed33c0_0;
    %cmp/u;
    %flag_or 5, 4;
    %flag_get/vec4 5;
    %jmp/0 T_0.40, 5;
    %load/vec4 v000001bcf8ed33c0_0;
    %pushi/vec4 57, 0, 8; draw_string_vec4
    %cmp/u;
    %flag_get/vec4 4;
    %flag_get/vec4 5;
    %or;
    %and;
T_0.40;
    %flag_set/vec4 8;
    %jmp/1 T_0.39, 8;
    %pushi/vec4 97, 0, 8; draw_string_vec4
    %load/vec4 v000001bcf8ed33c0_0;
    %cmp/u;
    %flag_or 5, 4;
    %flag_get/vec4 5;
    %jmp/0 T_0.41, 5;
    %load/vec4 v000001bcf8ed33c0_0;
    %pushi/vec4 102, 0, 8; draw_string_vec4
    %cmp/u;
    %flag_get/vec4 4;
    %flag_get/vec4 5;
    %or;
    %and;
T_0.41;
    %flag_set/vec4 9;
    %flag_or 8, 9;
T_0.39;
    %jmp/0xz  T_0.37, 8;
    %load/vec4 v000001bcf8ed30b0_0;
    %pad/u 32;
    %cmpi/u 8, 0, 32;
    %jmp/0xz  T_0.42, 5;
    %load/vec4 v000001bcf8ed30b0_0;
    %addi 1, 0, 5;
    %assign/vec4 v000001bcf8ed30b0_0, 0;
    %pushi/vec4 4, 0, 5;
    %assign/vec4 v000001bcf8f04e60_0, 0;
    %jmp T_0.43;
T_0.42 ;
    %pushi/vec4 0, 0, 5;
    %assign/vec4 v000001bcf8ed30b0_0, 0;
    %pushi/vec4 0, 0, 5;
    %assign/vec4 v000001bcf8f04e60_0, 0;
T_0.43 ;
    %jmp T_0.38;
T_0.37 ;
    %load/vec4 v000001bcf8ed33c0_0;
    %pushi/vec4 58, 0, 8; draw_string_vec4
    %cmp/e;
    %flag_get/vec4 4;
    %jmp/0 T_0.46, 4;
    %load/vec4 v000001bcf8ed30b0_0;
    %pad/u 32;
    %pushi/vec4 8, 0, 32;
    %cmp/e;
    %flag_get/vec4 4;
    %and;
T_0.46;
    %flag_set/vec4 8;
    %jmp/0xz  T_0.44, 8;
    %pushi/vec4 5, 0, 5;
    %assign/vec4 v000001bcf8f04e60_0, 0;
    %pushi/vec4 0, 0, 5;
    %assign/vec4 v000001bcf8ed30b0_0, 0;
    %jmp T_0.45;
T_0.44 ;
    %load/vec4 v000001bcf8ed33c0_0;
    %pushi/vec4 94, 0, 8; draw_string_vec4
    %cmp/e;
    %jmp/0xz  T_0.47, 4;
    %pushi/vec4 1, 0, 5;
    %assign/vec4 v000001bcf8f04e60_0, 0;
    %pushi/vec4 0, 0, 2;
    %assign/vec4 v000001bcf8f04f00_0, 0;
    %pushi/vec4 0, 0, 2;
    %assign/vec4 v000001bcf8f04c80_0, 0;
    %pushi/vec4 0, 0, 5;
    %assign/vec4 v000001bcf8ed3010_0, 0;
    %pushi/vec4 0, 0, 5;
    %assign/vec4 v000001bcf8ed30b0_0, 0;
    %pushi/vec4 0, 0, 2;
    %assign/vec4 v000001bcf8ed2f70_0, 0;
    %jmp T_0.48;
T_0.47 ;
    %pushi/vec4 0, 0, 5;
    %assign/vec4 v000001bcf8f04e60_0, 0;
    %pushi/vec4 0, 0, 5;
    %assign/vec4 v000001bcf8ed30b0_0, 0;
T_0.48 ;
T_0.45 ;
T_0.38 ;
    %jmp T_0.36;
T_0.35 ;
    %load/vec4 v000001bcf8f04e60_0;
    %cmpi/e 5, 0, 5;
    %jmp/0xz  T_0.49, 4;
    %load/vec4 v000001bcf8ed33c0_0;
    %pushi/vec4 32, 0, 8; draw_string_vec4
    %cmp/e;
    %jmp/0xz  T_0.51, 4;
    %pushi/vec4 5, 0, 5;
    %assign/vec4 v000001bcf8f04e60_0, 0;
    %jmp T_0.52;
T_0.51 ;
    %load/vec4 v000001bcf8ed33c0_0;
    %pushi/vec4 42, 0, 8; draw_string_vec4
    %cmp/e;
    %jmp/0xz  T_0.53, 4;
    %pushi/vec4 6, 0, 5;
    %assign/vec4 v000001bcf8f04e60_0, 0;
    %pushi/vec4 1, 0, 2;
    %assign/vec4 v000001bcf8f04c80_0, 0;
    %pushi/vec4 2, 0, 2;
    %assign/vec4 v000001bcf8f04f00_0, 0;
    %jmp T_0.54;
T_0.53 ;
    %load/vec4 v000001bcf8ed33c0_0;
    %pushi/vec4 36, 0, 8; draw_string_vec4
    %cmp/e;
    %jmp/0xz  T_0.55, 4;
    %pushi/vec4 6, 0, 5;
    %assign/vec4 v000001bcf8f04e60_0, 0;
    %pushi/vec4 2, 0, 2;
    %assign/vec4 v000001bcf8f04c80_0, 0;
    %pushi/vec4 1, 0, 2;
    %assign/vec4 v000001bcf8f04f00_0, 0;
    %jmp T_0.56;
T_0.55 ;
    %load/vec4 v000001bcf8ed33c0_0;
    %pushi/vec4 94, 0, 8; draw_string_vec4
    %cmp/e;
    %jmp/0xz  T_0.57, 4;
    %pushi/vec4 1, 0, 5;
    %assign/vec4 v000001bcf8f04e60_0, 0;
    %pushi/vec4 0, 0, 2;
    %assign/vec4 v000001bcf8f04f00_0, 0;
    %pushi/vec4 0, 0, 2;
    %assign/vec4 v000001bcf8f04c80_0, 0;
    %pushi/vec4 0, 0, 5;
    %assign/vec4 v000001bcf8ed3010_0, 0;
    %pushi/vec4 0, 0, 5;
    %assign/vec4 v000001bcf8ed30b0_0, 0;
    %pushi/vec4 0, 0, 2;
    %assign/vec4 v000001bcf8ed2f70_0, 0;
    %jmp T_0.58;
T_0.57 ;
    %pushi/vec4 0, 0, 5;
    %assign/vec4 v000001bcf8f04e60_0, 0;
T_0.58 ;
T_0.56 ;
T_0.54 ;
T_0.52 ;
    %jmp T_0.50;
T_0.49 ;
    %load/vec4 v000001bcf8f04e60_0;
    %cmpi/e 6, 0, 5;
    %jmp/0xz  T_0.59, 4;
    %load/vec4 v000001bcf8f04c80_0;
    %cmpi/e 1, 0, 2;
    %jmp/0xz  T_0.61, 4;
    %pushi/vec4 48, 0, 8; draw_string_vec4
    %load/vec4 v000001bcf8ed33c0_0;
    %cmp/u;
    %flag_or 5, 4;
    %flag_get/vec4 5;
    %jmp/0 T_0.66, 5;
    %load/vec4 v000001bcf8ed33c0_0;
    %pushi/vec4 57, 0, 8; draw_string_vec4
    %cmp/u;
    %flag_get/vec4 4;
    %flag_get/vec4 5;
    %or;
    %and;
T_0.66;
    %flag_set/vec4 8;
    %jmp/1 T_0.65, 8;
    %pushi/vec4 97, 0, 8; draw_string_vec4
    %load/vec4 v000001bcf8ed33c0_0;
    %cmp/u;
    %flag_or 5, 4;
    %flag_get/vec4 5;
    %jmp/0 T_0.67, 5;
    %load/vec4 v000001bcf8ed33c0_0;
    %pushi/vec4 102, 0, 8; draw_string_vec4
    %cmp/u;
    %flag_get/vec4 4;
    %flag_get/vec4 5;
    %or;
    %and;
T_0.67;
    %flag_set/vec4 9;
    %flag_or 8, 9;
T_0.65;
    %jmp/0xz  T_0.63, 8;
    %pushi/vec4 7, 0, 5;
    %assign/vec4 v000001bcf8f04e60_0, 0;
    %pushi/vec4 1, 0, 5;
    %assign/vec4 v000001bcf8ed30b0_0, 0;
    %jmp T_0.64;
T_0.63 ;
    %load/vec4 v000001bcf8ed33c0_0;
    %pushi/vec4 94, 0, 8; draw_string_vec4
    %cmp/e;
    %jmp/0xz  T_0.68, 4;
    %pushi/vec4 1, 0, 5;
    %assign/vec4 v000001bcf8f04e60_0, 0;
    %pushi/vec4 0, 0, 2;
    %assign/vec4 v000001bcf8f04f00_0, 0;
    %pushi/vec4 0, 0, 2;
    %assign/vec4 v000001bcf8f04c80_0, 0;
    %pushi/vec4 0, 0, 5;
    %assign/vec4 v000001bcf8ed3010_0, 0;
    %pushi/vec4 0, 0, 5;
    %assign/vec4 v000001bcf8ed30b0_0, 0;
    %pushi/vec4 0, 0, 2;
    %assign/vec4 v000001bcf8ed2f70_0, 0;
    %jmp T_0.69;
T_0.68 ;
    %pushi/vec4 0, 0, 5;
    %assign/vec4 v000001bcf8f04e60_0, 0;
    %pushi/vec4 0, 0, 2;
    %assign/vec4 v000001bcf8f04c80_0, 0;
T_0.69 ;
T_0.64 ;
    %jmp T_0.62;
T_0.61 ;
    %load/vec4 v000001bcf8f04c80_0;
    %cmpi/e 2, 0, 2;
    %jmp/0xz  T_0.70, 4;
    %pushi/vec4 48, 0, 8; draw_string_vec4
    %load/vec4 v000001bcf8ed33c0_0;
    %cmp/u;
    %flag_or 5, 4;
    %flag_get/vec4 5;
    %jmp/0 T_0.74, 5;
    %load/vec4 v000001bcf8ed33c0_0;
    %pushi/vec4 57, 0, 8; draw_string_vec4
    %cmp/u;
    %flag_get/vec4 4;
    %flag_get/vec4 5;
    %or;
    %and;
T_0.74;
    %flag_set/vec4 8;
    %jmp/0xz  T_0.72, 8;
    %pushi/vec4 7, 0, 5;
    %assign/vec4 v000001bcf8f04e60_0, 0;
    %pushi/vec4 1, 0, 5;
    %assign/vec4 v000001bcf8ed3010_0, 0;
    %jmp T_0.73;
T_0.72 ;
    %load/vec4 v000001bcf8ed33c0_0;
    %pushi/vec4 94, 0, 8; draw_string_vec4
    %cmp/e;
    %jmp/0xz  T_0.75, 4;
    %pushi/vec4 1, 0, 5;
    %assign/vec4 v000001bcf8f04e60_0, 0;
    %pushi/vec4 0, 0, 2;
    %assign/vec4 v000001bcf8f04f00_0, 0;
    %pushi/vec4 0, 0, 2;
    %assign/vec4 v000001bcf8f04c80_0, 0;
    %pushi/vec4 0, 0, 5;
    %assign/vec4 v000001bcf8ed3010_0, 0;
    %pushi/vec4 0, 0, 5;
    %assign/vec4 v000001bcf8ed30b0_0, 0;
    %pushi/vec4 0, 0, 2;
    %assign/vec4 v000001bcf8ed2f70_0, 0;
    %jmp T_0.76;
T_0.75 ;
    %pushi/vec4 0, 0, 5;
    %assign/vec4 v000001bcf8f04e60_0, 0;
    %pushi/vec4 0, 0, 2;
    %assign/vec4 v000001bcf8f04c80_0, 0;
T_0.76 ;
T_0.73 ;
T_0.70 ;
T_0.62 ;
    %jmp T_0.60;
T_0.59 ;
    %load/vec4 v000001bcf8f04e60_0;
    %cmpi/e 7, 0, 5;
    %jmp/0xz  T_0.77, 4;
    %load/vec4 v000001bcf8f04c80_0;
    %cmpi/e 1, 0, 2;
    %jmp/0xz  T_0.79, 4;
    %pushi/vec4 48, 0, 8; draw_string_vec4
    %load/vec4 v000001bcf8ed33c0_0;
    %cmp/u;
    %flag_or 5, 4;
    %flag_get/vec4 5;
    %jmp/0 T_0.84, 5;
    %load/vec4 v000001bcf8ed33c0_0;
    %pushi/vec4 57, 0, 8; draw_string_vec4
    %cmp/u;
    %flag_get/vec4 4;
    %flag_get/vec4 5;
    %or;
    %and;
T_0.84;
    %flag_set/vec4 8;
    %jmp/1 T_0.83, 8;
    %pushi/vec4 97, 0, 8; draw_string_vec4
    %load/vec4 v000001bcf8ed33c0_0;
    %cmp/u;
    %flag_or 5, 4;
    %flag_get/vec4 5;
    %jmp/0 T_0.85, 5;
    %load/vec4 v000001bcf8ed33c0_0;
    %pushi/vec4 102, 0, 8; draw_string_vec4
    %cmp/u;
    %flag_get/vec4 4;
    %flag_get/vec4 5;
    %or;
    %and;
T_0.85;
    %flag_set/vec4 9;
    %flag_or 8, 9;
T_0.83;
    %jmp/0xz  T_0.81, 8;
    %load/vec4 v000001bcf8ed30b0_0;
    %pad/u 32;
    %cmpi/u 8, 0, 32;
    %jmp/0xz  T_0.86, 5;
    %load/vec4 v000001bcf8ed30b0_0;
    %addi 1, 0, 5;
    %assign/vec4 v000001bcf8ed30b0_0, 0;
    %jmp T_0.87;
T_0.86 ;
    %pushi/vec4 0, 0, 5;
    %assign/vec4 v000001bcf8ed30b0_0, 0;
    %pushi/vec4 0, 0, 5;
    %assign/vec4 v000001bcf8f04e60_0, 0;
    %pushi/vec4 0, 0, 2;
    %assign/vec4 v000001bcf8f04c80_0, 0;
T_0.87 ;
    %jmp T_0.82;
T_0.81 ;
    %load/vec4 v000001bcf8ed33c0_0;
    %pushi/vec4 60, 0, 8; draw_string_vec4
    %cmp/e;
    %flag_get/vec4 4;
    %jmp/0 T_0.90, 4;
    %load/vec4 v000001bcf8ed30b0_0;
    %pad/u 32;
    %pushi/vec4 8, 0, 32;
    %cmp/e;
    %flag_get/vec4 4;
    %and;
T_0.90;
    %flag_set/vec4 8;
    %jmp/0xz  T_0.88, 8;
    %pushi/vec4 8, 0, 5;
    %assign/vec4 v000001bcf8f04e60_0, 0;
    %pushi/vec4 0, 0, 5;
    %assign/vec4 v000001bcf8ed30b0_0, 0;
    %pushi/vec4 1, 0, 2;
    %assign/vec4 v000001bcf8ed2f70_0, 0;
    %jmp T_0.89;
T_0.88 ;
    %load/vec4 v000001bcf8ed33c0_0;
    %pushi/vec4 32, 0, 8; draw_string_vec4
    %cmp/e;
    %flag_get/vec4 4;
    %jmp/0 T_0.93, 4;
    %load/vec4 v000001bcf8ed30b0_0;
    %pad/u 32;
    %pushi/vec4 8, 0, 32;
    %cmp/e;
    %flag_get/vec4 4;
    %and;
T_0.93;
    %flag_set/vec4 8;
    %jmp/0xz  T_0.91, 8;
    %pushi/vec4 7, 0, 5;
    %assign/vec4 v000001bcf8f04e60_0, 0;
    %jmp T_0.92;
T_0.91 ;
    %load/vec4 v000001bcf8ed33c0_0;
    %pushi/vec4 94, 0, 8; draw_string_vec4
    %cmp/e;
    %jmp/0xz  T_0.94, 4;
    %pushi/vec4 1, 0, 5;
    %assign/vec4 v000001bcf8f04e60_0, 0;
    %pushi/vec4 0, 0, 2;
    %assign/vec4 v000001bcf8f04f00_0, 0;
    %pushi/vec4 0, 0, 2;
    %assign/vec4 v000001bcf8f04c80_0, 0;
    %pushi/vec4 0, 0, 5;
    %assign/vec4 v000001bcf8ed3010_0, 0;
    %pushi/vec4 0, 0, 5;
    %assign/vec4 v000001bcf8ed30b0_0, 0;
    %pushi/vec4 0, 0, 2;
    %assign/vec4 v000001bcf8ed2f70_0, 0;
    %jmp T_0.95;
T_0.94 ;
    %pushi/vec4 0, 0, 5;
    %assign/vec4 v000001bcf8f04e60_0, 0;
    %pushi/vec4 0, 0, 5;
    %assign/vec4 v000001bcf8ed30b0_0, 0;
    %pushi/vec4 0, 0, 2;
    %assign/vec4 v000001bcf8f04c80_0, 0;
T_0.95 ;
T_0.92 ;
T_0.89 ;
T_0.82 ;
    %jmp T_0.80;
T_0.79 ;
    %load/vec4 v000001bcf8f04c80_0;
    %cmpi/e 2, 0, 2;
    %jmp/0xz  T_0.96, 4;
    %pushi/vec4 48, 0, 8; draw_string_vec4
    %load/vec4 v000001bcf8ed33c0_0;
    %cmp/u;
    %flag_or 5, 4;
    %flag_get/vec4 5;
    %jmp/0 T_0.100, 5;
    %load/vec4 v000001bcf8ed33c0_0;
    %pushi/vec4 57, 0, 8; draw_string_vec4
    %cmp/u;
    %flag_get/vec4 4;
    %flag_get/vec4 5;
    %or;
    %and;
T_0.100;
    %flag_set/vec4 8;
    %jmp/0xz  T_0.98, 8;
    %load/vec4 v000001bcf8ed3010_0;
    %pad/u 32;
    %cmpi/u 4, 0, 32;
    %jmp/0xz  T_0.101, 5;
    %load/vec4 v000001bcf8ed3010_0;
    %addi 1, 0, 5;
    %assign/vec4 v000001bcf8ed3010_0, 0;
    %jmp T_0.102;
T_0.101 ;
    %pushi/vec4 0, 0, 5;
    %assign/vec4 v000001bcf8f04e60_0, 0;
    %pushi/vec4 0, 0, 2;
    %assign/vec4 v000001bcf8f04c80_0, 0;
    %pushi/vec4 0, 0, 5;
    %assign/vec4 v000001bcf8ed3010_0, 0;
T_0.102 ;
    %jmp T_0.99;
T_0.98 ;
    %load/vec4 v000001bcf8ed33c0_0;
    %pushi/vec4 60, 0, 8; draw_string_vec4
    %cmp/e;
    %flag_get/vec4 4;
    %jmp/0 T_0.105, 4;
    %load/vec4 v000001bcf8ed3010_0;
    %pad/u 32;
    %cmpi/u 1, 0, 32;
    %flag_inv 5; GE is !LT
    %flag_get/vec4 5;
    %jmp/0 T_0.106, 5;
    %load/vec4 v000001bcf8ed3010_0;
    %pad/u 32;
    %cmpi/u 4, 0, 32;
    %flag_get/vec4 4;
    %flag_get/vec4 5;
    %or;
    %and;
T_0.106;
    %and;
T_0.105;
    %flag_set/vec4 8;
    %jmp/0xz  T_0.103, 8;
    %pushi/vec4 8, 0, 5;
    %assign/vec4 v000001bcf8f04e60_0, 0;
    %pushi/vec4 0, 0, 5;
    %assign/vec4 v000001bcf8ed3010_0, 0;
    %pushi/vec4 1, 0, 2;
    %assign/vec4 v000001bcf8ed2f70_0, 0;
    %jmp T_0.104;
T_0.103 ;
    %load/vec4 v000001bcf8ed33c0_0;
    %pushi/vec4 32, 0, 8; draw_string_vec4
    %cmp/e;
    %flag_get/vec4 4;
    %jmp/0 T_0.109, 4;
    %load/vec4 v000001bcf8ed3010_0;
    %pad/u 32;
    %cmpi/u 1, 0, 32;
    %flag_inv 5; GE is !LT
    %flag_get/vec4 5;
    %jmp/0 T_0.110, 5;
    %load/vec4 v000001bcf8ed3010_0;
    %pad/u 32;
    %cmpi/u 4, 0, 32;
    %flag_get/vec4 4;
    %flag_get/vec4 5;
    %or;
    %and;
T_0.110;
    %and;
T_0.109;
    %flag_set/vec4 8;
    %jmp/0xz  T_0.107, 8;
    %pushi/vec4 7, 0, 5;
    %assign/vec4 v000001bcf8f04e60_0, 0;
    %jmp T_0.108;
T_0.107 ;
    %load/vec4 v000001bcf8ed33c0_0;
    %pushi/vec4 94, 0, 8; draw_string_vec4
    %cmp/e;
    %jmp/0xz  T_0.111, 4;
    %pushi/vec4 1, 0, 5;
    %assign/vec4 v000001bcf8f04e60_0, 0;
    %pushi/vec4 0, 0, 2;
    %assign/vec4 v000001bcf8f04f00_0, 0;
    %pushi/vec4 0, 0, 2;
    %assign/vec4 v000001bcf8f04c80_0, 0;
    %pushi/vec4 0, 0, 5;
    %assign/vec4 v000001bcf8ed3010_0, 0;
    %pushi/vec4 0, 0, 5;
    %assign/vec4 v000001bcf8ed30b0_0, 0;
    %pushi/vec4 0, 0, 2;
    %assign/vec4 v000001bcf8ed2f70_0, 0;
    %jmp T_0.112;
T_0.111 ;
    %pushi/vec4 0, 0, 5;
    %assign/vec4 v000001bcf8f04e60_0, 0;
    %pushi/vec4 0, 0, 5;
    %assign/vec4 v000001bcf8ed3010_0, 0;
    %pushi/vec4 0, 0, 2;
    %assign/vec4 v000001bcf8f04c80_0, 0;
T_0.112 ;
T_0.108 ;
T_0.104 ;
T_0.99 ;
T_0.96 ;
T_0.80 ;
    %jmp T_0.78;
T_0.77 ;
    %load/vec4 v000001bcf8f04e60_0;
    %cmpi/e 8, 0, 5;
    %jmp/0xz  T_0.113, 4;
    %load/vec4 v000001bcf8ed2f70_0;
    %cmpi/e 1, 0, 2;
    %jmp/0xz  T_0.115, 4;
    %load/vec4 v000001bcf8ed33c0_0;
    %pushi/vec4 61, 0, 8; draw_string_vec4
    %cmp/e;
    %jmp/0xz  T_0.117, 4;
    %pushi/vec4 2, 0, 2;
    %assign/vec4 v000001bcf8ed2f70_0, 0;
    %jmp T_0.118;
T_0.117 ;
    %load/vec4 v000001bcf8ed33c0_0;
    %pushi/vec4 94, 0, 8; draw_string_vec4
    %cmp/e;
    %jmp/0xz  T_0.119, 4;
    %pushi/vec4 1, 0, 5;
    %assign/vec4 v000001bcf8f04e60_0, 0;
    %pushi/vec4 0, 0, 2;
    %assign/vec4 v000001bcf8f04f00_0, 0;
    %pushi/vec4 0, 0, 2;
    %assign/vec4 v000001bcf8f04c80_0, 0;
    %pushi/vec4 0, 0, 5;
    %assign/vec4 v000001bcf8ed3010_0, 0;
    %pushi/vec4 0, 0, 5;
    %assign/vec4 v000001bcf8ed30b0_0, 0;
    %pushi/vec4 0, 0, 2;
    %assign/vec4 v000001bcf8ed2f70_0, 0;
    %jmp T_0.120;
T_0.119 ;
    %pushi/vec4 0, 0, 2;
    %assign/vec4 v000001bcf8f04c80_0, 0;
    %pushi/vec4 0, 0, 5;
    %assign/vec4 v000001bcf8f04e60_0, 0;
T_0.120 ;
T_0.118 ;
    %jmp T_0.116;
T_0.115 ;
    %load/vec4 v000001bcf8ed2f70_0;
    %cmpi/e 2, 0, 2;
    %jmp/0xz  T_0.121, 4;
    %load/vec4 v000001bcf8ed33c0_0;
    %pushi/vec4 32, 0, 8; draw_string_vec4
    %cmp/e;
    %jmp/0xz  T_0.123, 4;
    %pushi/vec4 8, 0, 5;
    %assign/vec4 v000001bcf8f04e60_0, 0;
    %jmp T_0.124;
T_0.123 ;
    %pushi/vec4 48, 0, 8; draw_string_vec4
    %load/vec4 v000001bcf8ed33c0_0;
    %cmp/u;
    %flag_or 5, 4;
    %flag_get/vec4 5;
    %jmp/0 T_0.128, 5;
    %load/vec4 v000001bcf8ed33c0_0;
    %pushi/vec4 57, 0, 8; draw_string_vec4
    %cmp/u;
    %flag_get/vec4 4;
    %flag_get/vec4 5;
    %or;
    %and;
T_0.128;
    %flag_set/vec4 8;
    %jmp/1 T_0.127, 8;
    %pushi/vec4 97, 0, 8; draw_string_vec4
    %load/vec4 v000001bcf8ed33c0_0;
    %cmp/u;
    %flag_or 5, 4;
    %flag_get/vec4 5;
    %jmp/0 T_0.129, 5;
    %load/vec4 v000001bcf8ed33c0_0;
    %pushi/vec4 102, 0, 8; draw_string_vec4
    %cmp/u;
    %flag_get/vec4 4;
    %flag_get/vec4 5;
    %or;
    %and;
T_0.129;
    %flag_set/vec4 9;
    %flag_or 8, 9;
T_0.127;
    %jmp/0xz  T_0.125, 8;
    %pushi/vec4 9, 0, 5;
    %assign/vec4 v000001bcf8f04e60_0, 0;
    %pushi/vec4 0, 0, 2;
    %assign/vec4 v000001bcf8ed2f70_0, 0;
    %pushi/vec4 1, 0, 5;
    %assign/vec4 v000001bcf8ed30b0_0, 0;
    %jmp T_0.126;
T_0.125 ;
    %load/vec4 v000001bcf8ed33c0_0;
    %pushi/vec4 94, 0, 8; draw_string_vec4
    %cmp/e;
    %jmp/0xz  T_0.130, 4;
    %pushi/vec4 1, 0, 5;
    %assign/vec4 v000001bcf8f04e60_0, 0;
    %pushi/vec4 0, 0, 2;
    %assign/vec4 v000001bcf8f04f00_0, 0;
    %pushi/vec4 0, 0, 2;
    %assign/vec4 v000001bcf8f04c80_0, 0;
    %pushi/vec4 0, 0, 5;
    %assign/vec4 v000001bcf8ed3010_0, 0;
    %pushi/vec4 0, 0, 5;
    %assign/vec4 v000001bcf8ed30b0_0, 0;
    %pushi/vec4 0, 0, 2;
    %assign/vec4 v000001bcf8ed2f70_0, 0;
    %jmp T_0.131;
T_0.130 ;
    %pushi/vec4 0, 0, 2;
    %assign/vec4 v000001bcf8f04c80_0, 0;
    %pushi/vec4 0, 0, 5;
    %assign/vec4 v000001bcf8f04e60_0, 0;
T_0.131 ;
T_0.126 ;
T_0.124 ;
T_0.121 ;
T_0.116 ;
    %jmp T_0.114;
T_0.113 ;
    %load/vec4 v000001bcf8f04e60_0;
    %cmpi/e 9, 0, 5;
    %jmp/0xz  T_0.132, 4;
    %pushi/vec4 48, 0, 8; draw_string_vec4
    %load/vec4 v000001bcf8ed33c0_0;
    %cmp/u;
    %flag_or 5, 4;
    %flag_get/vec4 5;
    %jmp/0 T_0.137, 5;
    %load/vec4 v000001bcf8ed33c0_0;
    %pushi/vec4 57, 0, 8; draw_string_vec4
    %cmp/u;
    %flag_get/vec4 4;
    %flag_get/vec4 5;
    %or;
    %and;
T_0.137;
    %flag_set/vec4 8;
    %jmp/1 T_0.136, 8;
    %pushi/vec4 97, 0, 8; draw_string_vec4
    %load/vec4 v000001bcf8ed33c0_0;
    %cmp/u;
    %flag_or 5, 4;
    %flag_get/vec4 5;
    %jmp/0 T_0.138, 5;
    %load/vec4 v000001bcf8ed33c0_0;
    %pushi/vec4 102, 0, 8; draw_string_vec4
    %cmp/u;
    %flag_get/vec4 4;
    %flag_get/vec4 5;
    %or;
    %and;
T_0.138;
    %flag_set/vec4 9;
    %flag_or 8, 9;
T_0.136;
    %jmp/0xz  T_0.134, 8;
    %load/vec4 v000001bcf8ed30b0_0;
    %pad/u 32;
    %cmpi/u 8, 0, 32;
    %jmp/0xz  T_0.139, 5;
    %load/vec4 v000001bcf8ed30b0_0;
    %addi 1, 0, 5;
    %assign/vec4 v000001bcf8ed30b0_0, 0;
    %jmp T_0.140;
T_0.139 ;
    %pushi/vec4 0, 0, 5;
    %assign/vec4 v000001bcf8ed30b0_0, 0;
    %pushi/vec4 0, 0, 5;
    %assign/vec4 v000001bcf8f04e60_0, 0;
T_0.140 ;
    %jmp T_0.135;
T_0.134 ;
    %load/vec4 v000001bcf8ed33c0_0;
    %pushi/vec4 35, 0, 8; draw_string_vec4
    %cmp/e;
    %flag_get/vec4 4;
    %jmp/0 T_0.143, 4;
    %load/vec4 v000001bcf8ed30b0_0;
    %pad/u 32;
    %pushi/vec4 8, 0, 32;
    %cmp/e;
    %flag_get/vec4 4;
    %and;
T_0.143;
    %flag_set/vec4 8;
    %jmp/0xz  T_0.141, 8;
    %load/vec4 v000001bcf8f04f00_0;
    %store/vec4 v000001bcf8ed3150_0, 0, 2;
    %pushi/vec4 0, 0, 5;
    %assign/vec4 v000001bcf8f04e60_0, 0;
    %pushi/vec4 0, 0, 2;
    %assign/vec4 v000001bcf8f04f00_0, 0;
    %pushi/vec4 0, 0, 2;
    %assign/vec4 v000001bcf8f04c80_0, 0;
    %pushi/vec4 0, 0, 5;
    %assign/vec4 v000001bcf8ed3010_0, 0;
    %pushi/vec4 0, 0, 5;
    %assign/vec4 v000001bcf8ed30b0_0, 0;
    %pushi/vec4 0, 0, 2;
    %assign/vec4 v000001bcf8ed2f70_0, 0;
    %jmp T_0.142;
T_0.141 ;
    %load/vec4 v000001bcf8ed33c0_0;
    %pushi/vec4 94, 0, 8; draw_string_vec4
    %cmp/e;
    %jmp/0xz  T_0.144, 4;
    %pushi/vec4 1, 0, 5;
    %assign/vec4 v000001bcf8f04e60_0, 0;
    %pushi/vec4 0, 0, 2;
    %assign/vec4 v000001bcf8f04f00_0, 0;
    %pushi/vec4 0, 0, 2;
    %assign/vec4 v000001bcf8f04c80_0, 0;
    %pushi/vec4 0, 0, 5;
    %assign/vec4 v000001bcf8ed3010_0, 0;
    %pushi/vec4 0, 0, 5;
    %assign/vec4 v000001bcf8ed30b0_0, 0;
    %pushi/vec4 0, 0, 2;
    %assign/vec4 v000001bcf8ed2f70_0, 0;
    %jmp T_0.145;
T_0.144 ;
    %pushi/vec4 0, 0, 5;
    %assign/vec4 v000001bcf8f04e60_0, 0;
T_0.145 ;
T_0.142 ;
T_0.135 ;
T_0.132 ;
T_0.114 ;
T_0.78 ;
T_0.60 ;
T_0.50 ;
T_0.36 ;
T_0.27 ;
T_0.14 ;
T_0.7 ;
T_0.3 ;
T_0.1 ;
    %jmp T_0;
    .thread T_0;
# The file index is used to find the file name in the following table.
:file_names 3;
    "N/A";
    "<interactive>";
    "cpu_checker.v";
